<?xml version="1.0" encoding="UTF-8"?>
<!-- Generated by org.testng.reporters.JUnitReportReporter -->
<testsuite hostname="DESKTOP-UUMBKK3" failures="0" tests="1" name="fbLoginLogout.LoginTest" time="5.378" errors="0" timestamp="2024-06-04T13:23:53 IST" skipped="0">
  <testcase classname="fbLoginLogout.LoginTest" name="login" time="5.378"/>
  <system-out>
    <![CDATA[logged in successfully]]>
  </system-out>
</testsuite> <!-- fbLoginLogout.LoginTest -->
