<?xml version="1.0" encoding="UTF-8"?>
<!-- Generated by org.testng.reporters.JUnitReportReporter -->
<testsuite hostname="DESKTOP-UUMBKK3" failures="0" tests="1" name="fbLoginLogout.LogOutTest" time="11.969" errors="0" timestamp="2024-06-04T13:14:45 IST" skipped="0">
  <testcase classname="fbLoginLogout.LogOutTest" name="logout" time="11.969"/>
  <system-out>
    <![CDATA[loggedout Successfully]]>
  </system-out>
</testsuite> <!-- fbLoginLogout.LogOutTest -->
